                                      1 ;--------------------------------------------------------
                                      2 ; File Created by SDCC : free open source ISO C Compiler 
                                      3 ; Version 4.3.0 #14184 (MINGW64)
                                      4 ;--------------------------------------------------------
                                      5 	.module msxromapp
                                      6 	.optsdcc -mz80
                                      7 	
                                      8 ;--------------------------------------------------------
                                      9 ; Public variables in this module
                                     10 ;--------------------------------------------------------
                                     11 	.globl _onDeviceDEV_IO
                                     12 	.globl _onDeviceDEV_getId
                                     13 	.globl _onCallCMD2
                                     14 	.globl _onCallCMD1
                                     15 	.globl _main
                                     16 	.globl _print
                                     17 	.globl __print
                                     18 ;--------------------------------------------------------
                                     19 ; special function registers
                                     20 ;--------------------------------------------------------
                                     21 ;--------------------------------------------------------
                                     22 ; ram data
                                     23 ;--------------------------------------------------------
                                     24 	.area _DATA
                                     25 ;--------------------------------------------------------
                                     26 ; ram data
                                     27 ;--------------------------------------------------------
                                     28 	.area _INITIALIZED
                                     29 ;--------------------------------------------------------
                                     30 ; absolute external ram data
                                     31 ;--------------------------------------------------------
                                     32 	.area _DABS (ABS)
                                     33 ;--------------------------------------------------------
                                     34 ; global & static initialisations
                                     35 ;--------------------------------------------------------
                                     36 	.area _HOME
                                     37 	.area _GSINIT
                                     38 	.area _GSFINAL
                                     39 	.area _GSINIT
                                     40 ;--------------------------------------------------------
                                     41 ; Home
                                     42 ;--------------------------------------------------------
                                     43 	.area _HOME
                                     44 	.area _HOME
                                     45 ;--------------------------------------------------------
                                     46 ; code
                                     47 ;--------------------------------------------------------
                                     48 	.area _CODE
                                     49 ;msxromapp.c:16: void _print(char* msg) {
                                     50 ;	---------------------------------
                                     51 ; Function _print
                                     52 ; ---------------------------------
      000000                         53 __print::
                                     54 ;msxromapp.c:38: __endasm;
      000000 21 02 00         [10]   55 	ld	hl, #2; retrieve address from stack
      000003 39               [11]   56 	add	hl, sp
      000004 46               [ 7]   57 	ld	b, (hl)
      000005 23               [ 6]   58 	inc	hl
      000006 66               [ 7]   59 	ld	h, (hl)
      000007 68               [ 4]   60 	ld	l, b
      000008                         61 _printMSG_loop	:
      000008 7E               [ 7]   62 	ld	a, (hl); print
      000009 B7               [ 4]   63 	or	a
      00000A C8               [11]   64 	ret	z
      00000B E5               [11]   65 	push	hl
      00000C DD E5            [15]   66 	push	ix
      00000E FD 2A C0 FC      [20]   67 	ld	iy, (#0xfcc0); 0xfcc0
      000012 DD 21 A2 00      [14]   68 	ld	ix, #0x00a2; 0x00a2
      000016 CD 1C 00         [17]   69 	call	#0x001c; 0x001c
      000019 DD E1            [14]   70 	pop	ix
      00001B E1               [10]   71 	pop	hl
      00001C 23               [ 6]   72 	inc	hl
      00001D 18 E9            [12]   73 	jr	_printMSG_loop
                                     74 ;msxromapp.c:40: return;
                                     75 ;msxromapp.c:41: }
      00001F C9               [10]   76 	ret
                                     77 ;msxromapp.c:47: void print(char* msg) {
                                     78 ;	---------------------------------
                                     79 ; Function print
                                     80 ; ---------------------------------
      000020                         81 _print::
                                     82 ;msxromapp.c:49: _print("[DEBUG]");
      000020 11r2Cr00         [10]   83 	ld	de, #___str_0+0
      000023 EB               [ 4]   84 	ex	de, hl
      000024 D5               [11]   85 	push	de
      000025 CDr00r00         [17]   86 	call	__print
      000028 E1               [10]   87 	pop	hl
                                     88 ;msxromapp.c:51: _print(msg);
                                     89 ;msxromapp.c:52: return;
                                     90 ;msxromapp.c:53: }
      000029 C3r00r00         [10]   91 	jp	__print
      00002C                         92 ___str_0:
      00002C 5B 44 45 42 55 47 5D    93 	.ascii "[DEBUG]"
      000033 00                      94 	.db 0x00
                                     95 ;msxromapp.c:60: void main(void) {
                                     96 ;	---------------------------------
                                     97 ; Function main
                                     98 ; ---------------------------------
      000034                         99 _main::
                                    100 ;msxromapp.c:65: "main's return instruction.\r\n\0");
      000034 21r3Ar00         [10]  101 	ld	hl, #___str_1
                                    102 ;msxromapp.c:66: }
      000037 C3r20r00         [10]  103 	jp	_print
      00003A                        104 ___str_1:
      00003A 48 65 6C 6C 6F 20 4D   105 	.ascii "Hello MSX from C!"
             53 58 20 66 72 6F 6D
             20 43 21
      00004B 0D                     106 	.db 0x0d
      00004C 0A                     107 	.db 0x0a
      00004D 49 66 20 79 6F 75 20   108 	.ascii "If you don't want your"
             64 6F 6E 27 74 20 77
             61 6E 74 20 79 6F 75
             72
      000063 0D                     109 	.db 0x0d
      000064 0A                     110 	.db 0x0a
      000065 52 4F 4D 20 70 72 6F   111 	.ascii "ROM program to return to"
             67 72 61 6D 20 74 6F
             20 72 65 74 75 72 6E
             20 74 6F
      00007D 0D                     112 	.db 0x0d
      00007E 0A                     113 	.db 0x0a
      00007F 42 41 53 49 43 2F 4D   114 	.ascii "BASIC/MSX-DOS, just avoid"
             53 58 2D 44 4F 53 2C
             20 6A 75 73 74 20 61
             76 6F 69 64
      000098 0D                     115 	.db 0x0d
      000099 0A                     116 	.db 0x0a
      00009A 6D 61 69 6E 27 73 20   117 	.ascii "main's return instruction."
             72 65 74 75 72 6E 20
             69 6E 73 74 72 75 63
             74 69 6F 6E 2E
      0000B4 0D                     118 	.db 0x0d
      0000B5 0A                     119 	.db 0x0a
      0000B6 00                     120 	.db 0x00
      0000B7 00                     121 	.db 0x00
                                    122 ;msxromapp.c:79: char* onCallCMD1(char* param) {
                                    123 ;	---------------------------------
                                    124 ; Function onCallCMD1
                                    125 ; ---------------------------------
      0000B8                        126 _onCallCMD1::
                                    127 ;msxromapp.c:80: print("The C handler for CMD1 says hi!\r\n\0");
      0000B8 E5               [11]  128 	push	hl
      0000B9 21rC9r00         [10]  129 	ld	hl, #___str_2
      0000BC CDr20r00         [17]  130 	call	_print
      0000BF D1               [10]  131 	pop	de
                                    132 ;msxromapp.c:82: while ((*param != 0) && (*param != 0x3a)) {
      0000C0                        133 00102$:
      0000C0 1A               [ 7]  134 	ld	a, (de)
      0000C1 B7               [ 4]  135 	or	a, a
      0000C2 C8               [11]  136 	ret	Z
      0000C3 D6 3A            [ 7]  137 	sub	a, #0x3a
      0000C5 C8               [11]  138 	ret	Z
                                    139 ;msxromapp.c:83: param++;
      0000C6 13               [ 6]  140 	inc	de
                                    141 ;msxromapp.c:85: return param;
                                    142 ;msxromapp.c:86: }
      0000C7 18 F7            [12]  143 	jr	00102$
      0000C9                        144 ___str_2:
      0000C9 54 68 65 20 43 20 68   145 	.ascii "The C handler for CMD1 says hi!"
             61 6E 64 6C 65 72 20
             66 6F 72 20 43 4D 44
             31 20 73 61 79 73 20
             68 69 21
      0000E8 0D                     146 	.db 0x0d
      0000E9 0A                     147 	.db 0x0a
      0000EA 00                     148 	.db 0x00
      0000EB 00                     149 	.db 0x00
                                    150 ;msxromapp.c:99: char* onCallCMD2(char* param) {
                                    151 ;	---------------------------------
                                    152 ; Function onCallCMD2
                                    153 ; ---------------------------------
      0000EC                        154 _onCallCMD2::
                                    155 ;msxromapp.c:100: print("The C handler for CMD2 says hi!\r\n\0");
      0000EC E5               [11]  156 	push	hl
      0000ED 21rFDr00         [10]  157 	ld	hl, #___str_3
      0000F0 CDr20r00         [17]  158 	call	_print
      0000F3 D1               [10]  159 	pop	de
                                    160 ;msxromapp.c:102: while ((*param != 0) && (*param != 0x3a)) {
      0000F4                        161 00102$:
      0000F4 1A               [ 7]  162 	ld	a, (de)
      0000F5 B7               [ 4]  163 	or	a, a
      0000F6 C8               [11]  164 	ret	Z
      0000F7 D6 3A            [ 7]  165 	sub	a, #0x3a
      0000F9 C8               [11]  166 	ret	Z
                                    167 ;msxromapp.c:103: param++;
      0000FA 13               [ 6]  168 	inc	de
                                    169 ;msxromapp.c:105: return param;
                                    170 ;msxromapp.c:106: }
      0000FB 18 F7            [12]  171 	jr	00102$
      0000FD                        172 ___str_3:
      0000FD 54 68 65 20 43 20 68   173 	.ascii "The C handler for CMD2 says hi!"
             61 6E 64 6C 65 72 20
             66 6F 72 20 43 4D 44
             32 20 73 61 79 73 20
             68 69 21
      00011C 0D                     174 	.db 0x0d
      00011D 0A                     175 	.db 0x0a
      00011E 00                     176 	.db 0x00
      00011F 00                     177 	.db 0x00
                                    178 ;msxromapp.c:119: char onDeviceDEV_getId() {
                                    179 ;	---------------------------------
                                    180 ; Function onDeviceDEV_getId
                                    181 ; ---------------------------------
      000120                        182 _onDeviceDEV_getId::
                                    183 ;msxromapp.c:120: print("The C handler for DEV_getId says hi!\r\n\0");
      000120 21r28r01         [10]  184 	ld	hl, #___str_4
      000123 CDr20r00         [17]  185 	call	_print
                                    186 ;msxromapp.c:121: return 0;
      000126 AF               [ 4]  187 	xor	a, a
                                    188 ;msxromapp.c:122: }
      000127 C9               [10]  189 	ret
      000128                        190 ___str_4:
      000128 54 68 65 20 43 20 68   191 	.ascii "The C handler for DEV_getId says hi!"
             61 6E 64 6C 65 72 20
             66 6F 72 20 44 45 56
             5F 67 65 74 49 64 20
             73 61 79 73 20 68 69
             21
      00014C 0D                     192 	.db 0x0d
      00014D 0A                     193 	.db 0x0a
      00014E 00                     194 	.db 0x00
      00014F 00                     195 	.db 0x00
                                    196 ;msxromapp.c:135: void onDeviceDEV_IO(char* param, char cmd) {
                                    197 ;	---------------------------------
                                    198 ; Function onDeviceDEV_IO
                                    199 ; ---------------------------------
      000150                        200 _onDeviceDEV_IO::
                                    201 ;msxromapp.c:136: print("The C handler for DEV_IO says hi!\r\n\0");
      000150 21r59r01         [10]  202 	ld	hl, #___str_5
      000153 CDr20r00         [17]  203 	call	_print
                                    204 ;msxromapp.c:137: }
      000156 E1               [10]  205 	pop	hl
      000157 33               [ 6]  206 	inc	sp
      000158 E9               [ 4]  207 	jp	(hl)
      000159                        208 ___str_5:
      000159 54 68 65 20 43 20 68   209 	.ascii "The C handler for DEV_IO says hi!"
             61 6E 64 6C 65 72 20
             66 6F 72 20 44 45 56
             5F 49 4F 20 73 61 79
             73 20 68 69 21
      00017A 0D                     210 	.db 0x0d
      00017B 0A                     211 	.db 0x0a
      00017C 00                     212 	.db 0x00
      00017D 00                     213 	.db 0x00
                                    214 	.area _CODE
                                    215 	.area _INITIALIZER
                                    216 	.area _CABS (ABS)
