                                      1 ;--------------------------------------------------------
                                      2 ; File Created by SDCC : free open source ISO C Compiler 
                                      3 ; Version 4.3.0 #14184 (MINGW64)
                                      4 ;--------------------------------------------------------
                                      5 	.module msxromapp
                                      6 	.optsdcc -mz80
                                      7 	
                                      8 ;--------------------------------------------------------
                                      9 ; Public variables in this module
                                     10 ;--------------------------------------------------------
                                     11 	.globl _onDeviceDEV_IO
                                     12 	.globl _onDeviceDEV_getId
                                     13 	.globl _onCallCMD2
                                     14 	.globl _onCallCMD1
                                     15 	.globl _main
                                     16 	.globl _print
                                     17 	.globl __print
                                     18 ;--------------------------------------------------------
                                     19 ; special function registers
                                     20 ;--------------------------------------------------------
                                     21 ;--------------------------------------------------------
                                     22 ; ram data
                                     23 ;--------------------------------------------------------
                                     24 	.area _DATA
                                     25 ;--------------------------------------------------------
                                     26 ; ram data
                                     27 ;--------------------------------------------------------
                                     28 	.area _INITIALIZED
                                     29 ;--------------------------------------------------------
                                     30 ; absolute external ram data
                                     31 ;--------------------------------------------------------
                                     32 	.area _DABS (ABS)
                                     33 ;--------------------------------------------------------
                                     34 ; global & static initialisations
                                     35 ;--------------------------------------------------------
                                     36 	.area _HOME
                                     37 	.area _GSINIT
                                     38 	.area _GSFINAL
                                     39 	.area _GSINIT
                                     40 ;--------------------------------------------------------
                                     41 ; Home
                                     42 ;--------------------------------------------------------
                                     43 	.area _HOME
                                     44 	.area _HOME
                                     45 ;--------------------------------------------------------
                                     46 ; code
                                     47 ;--------------------------------------------------------
                                     48 	.area _CODE
                                     49 ;msxromapp.c:16: void _print(char* msg) {
                                     50 ;	---------------------------------
                                     51 ; Function _print
                                     52 ; ---------------------------------
      000000                         53 __print::
                                     54 ;msxromapp.c:38: __endasm;
      000000 21 02 00         [10]   55 	ld	hl, #2; retrieve address from stack
      000003 39               [11]   56 	add	hl, sp
      000004 46               [ 7]   57 	ld	b, (hl)
      000005 23               [ 6]   58 	inc	hl
      000006 66               [ 7]   59 	ld	h, (hl)
      000007 68               [ 4]   60 	ld	l, b
      000008                         61 _printMSG_loop	:
      000008 7E               [ 7]   62 	ld	a, (hl); print
      000009 B7               [ 4]   63 	or	a
      00000A C8               [11]   64 	ret	z
      00000B E5               [11]   65 	push	hl
      00000C DD E5            [15]   66 	push	ix
      00000E FD 2A C0 FC      [20]   67 	ld	iy, (#0xfcc0); 0xfcc0
      000012 DD 21 A2 00      [14]   68 	ld	ix, #0x00a2; 0x00a2
      000016 CD 1C 00         [17]   69 	call	#0x001c; 0x001c
      000019 DD E1            [14]   70 	pop	ix
      00001B E1               [10]   71 	pop	hl
      00001C 23               [ 6]   72 	inc	hl
      00001D 18 E9            [12]   73 	jr	_printMSG_loop
                                     74 ;msxromapp.c:40: return;
                                     75 ;msxromapp.c:41: }
      00001F C9               [10]   76 	ret
                                     77 ;msxromapp.c:47: void print(char* msg) {
                                     78 ;	---------------------------------
                                     79 ; Function print
                                     80 ; ---------------------------------
      000020                         81 _print::
                                     82 ;msxromapp.c:51: _print(msg);
                                     83 ;msxromapp.c:52: return;
                                     84 ;msxromapp.c:53: }
      000020 C3r00r00         [10]   85 	jp	__print
                                     86 ;msxromapp.c:60: void main(void) {
                                     87 ;	---------------------------------
                                     88 ; Function main
                                     89 ; ---------------------------------
      000023                         90 _main::
                                     91 ;msxromapp.c:65: "main's return instruction.\r\n\0");
      000023 21r29r00         [10]   92 	ld	hl, #___str_0
                                     93 ;msxromapp.c:66: }
      000026 C3r20r00         [10]   94 	jp	_print
      000029                         95 ___str_0:
      000029 48 65 6C 6C 6F 20 4D    96 	.ascii "Hello MSX from C!"
             53 58 20 66 72 6F 6D
             20 43 21
      00003A 0D                      97 	.db 0x0d
      00003B 0A                      98 	.db 0x0a
      00003C 49 66 20 79 6F 75 20    99 	.ascii "If you don't want your"
             64 6F 6E 27 74 20 77
             61 6E 74 20 79 6F 75
             72
      000052 0D                     100 	.db 0x0d
      000053 0A                     101 	.db 0x0a
      000054 52 4F 4D 20 70 72 6F   102 	.ascii "ROM program to return to"
             67 72 61 6D 20 74 6F
             20 72 65 74 75 72 6E
             20 74 6F
      00006C 0D                     103 	.db 0x0d
      00006D 0A                     104 	.db 0x0a
      00006E 42 41 53 49 43 2F 4D   105 	.ascii "BASIC/MSX-DOS, just avoid"
             53 58 2D 44 4F 53 2C
             20 6A 75 73 74 20 61
             76 6F 69 64
      000087 0D                     106 	.db 0x0d
      000088 0A                     107 	.db 0x0a
      000089 6D 61 69 6E 27 73 20   108 	.ascii "main's return instruction."
             72 65 74 75 72 6E 20
             69 6E 73 74 72 75 63
             74 69 6F 6E 2E
      0000A3 0D                     109 	.db 0x0d
      0000A4 0A                     110 	.db 0x0a
      0000A5 00                     111 	.db 0x00
      0000A6 00                     112 	.db 0x00
                                    113 ;msxromapp.c:79: char* onCallCMD1(char* param) {
                                    114 ;	---------------------------------
                                    115 ; Function onCallCMD1
                                    116 ; ---------------------------------
      0000A7                        117 _onCallCMD1::
                                    118 ;msxromapp.c:80: print("The C handler for CMD1 says hi!\r\n\0");
      0000A7 E5               [11]  119 	push	hl
      0000A8 21rB8r00         [10]  120 	ld	hl, #___str_1
      0000AB CDr20r00         [17]  121 	call	_print
      0000AE D1               [10]  122 	pop	de
                                    123 ;msxromapp.c:82: while ((*param != 0) && (*param != 0x3a)) {
      0000AF                        124 00102$:
      0000AF 1A               [ 7]  125 	ld	a, (de)
      0000B0 B7               [ 4]  126 	or	a, a
      0000B1 C8               [11]  127 	ret	Z
      0000B2 D6 3A            [ 7]  128 	sub	a, #0x3a
      0000B4 C8               [11]  129 	ret	Z
                                    130 ;msxromapp.c:83: param++;
      0000B5 13               [ 6]  131 	inc	de
                                    132 ;msxromapp.c:85: return param;
                                    133 ;msxromapp.c:86: }
      0000B6 18 F7            [12]  134 	jr	00102$
      0000B8                        135 ___str_1:
      0000B8 54 68 65 20 43 20 68   136 	.ascii "The C handler for CMD1 says hi!"
             61 6E 64 6C 65 72 20
             66 6F 72 20 43 4D 44
             31 20 73 61 79 73 20
             68 69 21
      0000D7 0D                     137 	.db 0x0d
      0000D8 0A                     138 	.db 0x0a
      0000D9 00                     139 	.db 0x00
      0000DA 00                     140 	.db 0x00
                                    141 ;msxromapp.c:99: char* onCallCMD2(char* param) {
                                    142 ;	---------------------------------
                                    143 ; Function onCallCMD2
                                    144 ; ---------------------------------
      0000DB                        145 _onCallCMD2::
                                    146 ;msxromapp.c:100: print("The C handler for CMD2 says hi!\r\n\0");
      0000DB E5               [11]  147 	push	hl
      0000DC 21rECr00         [10]  148 	ld	hl, #___str_2
      0000DF CDr20r00         [17]  149 	call	_print
      0000E2 D1               [10]  150 	pop	de
                                    151 ;msxromapp.c:102: while ((*param != 0) && (*param != 0x3a)) {
      0000E3                        152 00102$:
      0000E3 1A               [ 7]  153 	ld	a, (de)
      0000E4 B7               [ 4]  154 	or	a, a
      0000E5 C8               [11]  155 	ret	Z
      0000E6 D6 3A            [ 7]  156 	sub	a, #0x3a
      0000E8 C8               [11]  157 	ret	Z
                                    158 ;msxromapp.c:103: param++;
      0000E9 13               [ 6]  159 	inc	de
                                    160 ;msxromapp.c:105: return param;
                                    161 ;msxromapp.c:106: }
      0000EA 18 F7            [12]  162 	jr	00102$
      0000EC                        163 ___str_2:
      0000EC 54 68 65 20 43 20 68   164 	.ascii "The C handler for CMD2 says hi!"
             61 6E 64 6C 65 72 20
             66 6F 72 20 43 4D 44
             32 20 73 61 79 73 20
             68 69 21
      00010B 0D                     165 	.db 0x0d
      00010C 0A                     166 	.db 0x0a
      00010D 00                     167 	.db 0x00
      00010E 00                     168 	.db 0x00
                                    169 ;msxromapp.c:119: char onDeviceDEV_getId() {
                                    170 ;	---------------------------------
                                    171 ; Function onDeviceDEV_getId
                                    172 ; ---------------------------------
      00010F                        173 _onDeviceDEV_getId::
                                    174 ;msxromapp.c:120: print("The C handler for DEV_getId says hi!\r\n\0");
      00010F 21r17r01         [10]  175 	ld	hl, #___str_3
      000112 CDr20r00         [17]  176 	call	_print
                                    177 ;msxromapp.c:121: return 0;
      000115 AF               [ 4]  178 	xor	a, a
                                    179 ;msxromapp.c:122: }
      000116 C9               [10]  180 	ret
      000117                        181 ___str_3:
      000117 54 68 65 20 43 20 68   182 	.ascii "The C handler for DEV_getId says hi!"
             61 6E 64 6C 65 72 20
             66 6F 72 20 44 45 56
             5F 67 65 74 49 64 20
             73 61 79 73 20 68 69
             21
      00013B 0D                     183 	.db 0x0d
      00013C 0A                     184 	.db 0x0a
      00013D 00                     185 	.db 0x00
      00013E 00                     186 	.db 0x00
                                    187 ;msxromapp.c:135: void onDeviceDEV_IO(char* param, char cmd) {
                                    188 ;	---------------------------------
                                    189 ; Function onDeviceDEV_IO
                                    190 ; ---------------------------------
      00013F                        191 _onDeviceDEV_IO::
                                    192 ;msxromapp.c:136: print("The C handler for DEV_IO says hi!\r\n\0");
      00013F 21r48r01         [10]  193 	ld	hl, #___str_4
      000142 CDr20r00         [17]  194 	call	_print
                                    195 ;msxromapp.c:137: }
      000145 E1               [10]  196 	pop	hl
      000146 33               [ 6]  197 	inc	sp
      000147 E9               [ 4]  198 	jp	(hl)
      000148                        199 ___str_4:
      000148 54 68 65 20 43 20 68   200 	.ascii "The C handler for DEV_IO says hi!"
             61 6E 64 6C 65 72 20
             66 6F 72 20 44 45 56
             5F 49 4F 20 73 61 79
             73 20 68 69 21
      000169 0D                     201 	.db 0x0d
      00016A 0A                     202 	.db 0x0a
      00016B 00                     203 	.db 0x00
      00016C 00                     204 	.db 0x00
                                    205 	.area _CODE
                                    206 	.area _INITIALIZER
                                    207 	.area _CABS (ABS)
